<?xml version="1.0" encoding="UTF-8"?>
<!-- Generated by org.testng.reporters.JUnitXMLReporter -->
<testsuite ignored="0" hostname="ZCHD-CQR-AKSHIT-SAHORE" failures="0" tests="6" name="Test" time="220.407" errors="0" timestamp="03 Jun 2022 08:42:53 GMT">
  <testcase classname="sample_demo.cpcModuleTest" name="loginTest" time="13.816"/>
  <testcase classname="sample_demo.cpcModuleTest" name="site_engineering_addcomponent" time="34.207"/>
  <testcase classname="sample_demo.cpcModuleTest" name="Download_jpeg" time="41.891"/>
  <testcase classname="sample_demo.cpcModuleTest" name="cpc_analysis_enquiry" time="50.703"/>
  <testcase classname="sample_demo.cpcModuleTest" name="cpc_analysis_view_enquiry" time="22.72"/>
  <testcase classname="sample_demo.cpcModuleTest" name="site_engineering_excelandpdf" time="20.803"/>
</testsuite> <!-- Test -->
